<?xml version="1.0" encoding="UTF-8"?>
<testsuite name="edu.ncsu.csc326.coffeemaker.CoffeeMakerTest" tests="17" skipped="0" failures="1" errors="0" timestamp="2022-05-10T14:27:45" hostname="ixtlan" time="0.037">
  <properties/>
  <testcase name="testMakeCoffeeNoRecipe" classname="edu.ncsu.csc326.coffeemaker.CoffeeMakerTest" time="0.002"/>
  <testcase name="testAddMilk" classname="edu.ncsu.csc326.coffeemaker.CoffeeMakerTest" time="0.0"/>
  <testcase name="testCheckInventory" classname="edu.ncsu.csc326.coffeemaker.CoffeeMakerTest" time="0.0"/>
  <testcase name="testAddInventory" classname="edu.ncsu.csc326.coffeemaker.CoffeeMakerTest" time="0.0"/>
  <testcase name="testAddInventoryException" classname="edu.ncsu.csc326.coffeemaker.CoffeeMakerTest" time="0.001"/>
  <testcase name="testAddSugar" classname="edu.ncsu.csc326.coffeemaker.CoffeeMakerTest" time="0.001"/>
  <testcase name="testAddCoffee" classname="edu.ncsu.csc326.coffeemaker.CoffeeMakerTest" time="0.0"/>
  <testcase name="testDeleteRecipe" classname="edu.ncsu.csc326.coffeemaker.CoffeeMakerTest" time="0.0"/>
  <testcase name="testMakeCoffeePayingLess" classname="edu.ncsu.csc326.coffeemaker.CoffeeMakerTest" time="0.0"/>
  <testcase name="testMakeCoffeePayingMore" classname="edu.ncsu.csc326.coffeemaker.CoffeeMakerTest" time="0.0"/>
  <testcase name="testAddRecipe" classname="edu.ncsu.csc326.coffeemaker.CoffeeMakerTest" time="0.0"/>
  <testcase name="testEditRecipe" classname="edu.ncsu.csc326.coffeemaker.CoffeeMakerTest" time="0.0"/>
  <testcase name="testMakeCoffeeHotChocolate" classname="edu.ncsu.csc326.coffeemaker.CoffeeMakerTest" time="0.0"/>
  <testcase name="testAddChocolate" classname="edu.ncsu.csc326.coffeemaker.CoffeeMakerTest" time="0.002"/>
  <testcase name="testMakeCoffeeLatte" classname="edu.ncsu.csc326.coffeemaker.CoffeeMakerTest" time="0.0"/>
  <testcase name="testMakeCoffeeMocha" classname="edu.ncsu.csc326.coffeemaker.CoffeeMakerTest" time="0.011">
    <failure message="java.lang.AssertionError: expected:&lt;0&gt; but was:&lt;75&gt;" type="java.lang.AssertionError">java.lang.AssertionError: expected:&lt;0&gt; but was:&lt;75&gt;
	at org.junit.Assert.fail(Assert.java:88)
	at org.junit.Assert.failNotEquals(Assert.java:834)
	at org.junit.Assert.assertEquals(Assert.java:645)
	at org.junit.Assert.assertEquals(Assert.java:631)
	at edu.ncsu.csc326.coffeemaker.CoffeeMakerTest.testMakeCoffeeMocha(CoffeeMakerTest.java:168)
	at sun.reflect.NativeMethodAccessorImpl.invoke0(Native Method)
	at sun.reflect.NativeMethodAccessorImpl.invoke(NativeMethodAccessorImpl.java:62)
	at sun.reflect.DelegatingMethodAccessorImpl.invoke(DelegatingMethodAccessorImpl.java:43)
	at java.lang.reflect.Method.invoke(Method.java:498)
	at org.junit.runners.model.FrameworkMethod$1.runReflectiveCall(FrameworkMethod.java:50)
	at org.junit.internal.runners.model.ReflectiveCallable.run(ReflectiveCallable.java:12)
	at org.junit.runners.model.FrameworkMethod.invokeExplosively(FrameworkMethod.java:47)
	at org.junit.internal.runners.statements.InvokeMethod.evaluate(InvokeMethod.java:17)
	at org.junit.internal.runners.statements.RunBefores.evaluate(RunBefores.java:26)
	at org.junit.runners.ParentRunner.runLeaf(ParentRunner.java:325)
	at org.junit.runners.BlockJUnit4ClassRunner.runChild(BlockJUnit4ClassRunner.java:78)
	at org.junit.runners.BlockJUnit4ClassRunner.runChild(BlockJUnit4ClassRunner.java:57)
	at org.junit.runners.ParentRunner$3.run(ParentRunner.java:290)
	at org.junit.runners.ParentRunner$1.schedule(ParentRunner.java:71)
	at org.junit.runners.ParentRunner.runChildren(ParentRunner.java:288)
	at org.junit.runners.ParentRunner.access$000(ParentRunner.java:58)
	at org.junit.runners.ParentRunner$2.evaluate(ParentRunner.java:268)
	at org.junit.runners.ParentRunner.run(ParentRunner.java:363)
	at org.gradle.api.internal.tasks.testing.junit.JUnitTestClassExecuter.runTestClass(JUnitTestClassExecuter.java:114)
	at org.gradle.api.internal.tasks.testing.junit.JUnitTestClassExecuter.execute(JUnitTestClassExecuter.java:57)
	at org.gradle.api.internal.tasks.testing.junit.JUnitTestClassProcessor.processTestClass(JUnitTestClassProcessor.java:66)
	at org.gradle.api.internal.tasks.testing.SuiteTestClassProcessor.processTestClass(SuiteTestClassProcessor.java:51)
	at sun.reflect.NativeMethodAccessorImpl.invoke0(Native Method)
	at sun.reflect.NativeMethodAccessorImpl.invoke(NativeMethodAccessorImpl.java:62)
	at sun.reflect.DelegatingMethodAccessorImpl.invoke(DelegatingMethodAccessorImpl.java:43)
	at java.lang.reflect.Method.invoke(Method.java:498)
	at org.gradle.internal.dispatch.ReflectionDispatch.dispatch(ReflectionDispatch.java:35)
	at org.gradle.internal.dispatch.ReflectionDispatch.dispatch(ReflectionDispatch.java:24)
	at org.gradle.internal.dispatch.ContextClassLoaderDispatch.dispatch(ContextClassLoaderDispatch.java:32)
	at org.gradle.internal.dispatch.ProxyDispatchAdapter$DispatchingInvocationHandler.invoke(ProxyDispatchAdapter.java:93)
	at com.sun.proxy.$Proxy1.processTestClass(Unknown Source)
	at org.gradle.api.internal.tasks.testing.worker.TestWorker.processTestClass(TestWorker.java:108)
	at sun.reflect.NativeMethodAccessorImpl.invoke0(Native Method)
	at sun.reflect.NativeMethodAccessorImpl.invoke(NativeMethodAccessorImpl.java:62)
	at sun.reflect.DelegatingMethodAccessorImpl.invoke(DelegatingMethodAccessorImpl.java:43)
	at java.lang.reflect.Method.invoke(Method.java:498)
	at org.gradle.internal.dispatch.ReflectionDispatch.dispatch(ReflectionDispatch.java:35)
	at org.gradle.internal.dispatch.ReflectionDispatch.dispatch(ReflectionDispatch.java:24)
	at org.gradle.internal.remote.internal.hub.MessageHubBackedObjectConnection$DispatchWrapper.dispatch(MessageHubBackedObjectConnection.java:146)
	at org.gradle.internal.remote.internal.hub.MessageHubBackedObjectConnection$DispatchWrapper.dispatch(MessageHubBackedObjectConnection.java:128)
	at org.gradle.internal.remote.internal.hub.MessageHub$Handler.run(MessageHub.java:404)
	at org.gradle.internal.concurrent.ExecutorPolicy$CatchAndRecordFailures.onExecute(ExecutorPolicy.java:63)
	at org.gradle.internal.concurrent.ManagedExecutorImpl$1.run(ManagedExecutorImpl.java:46)
	at java.util.concurrent.ThreadPoolExecutor.runWorker(ThreadPoolExecutor.java:1149)
	at java.util.concurrent.ThreadPoolExecutor$Worker.run(ThreadPoolExecutor.java:624)
	at org.gradle.internal.concurrent.ThreadFactoryImpl$ManagedThreadRunnable.run(ThreadFactoryImpl.java:55)
	at java.lang.Thread.run(Thread.java:750)
</failure>
  </testcase>
  <testcase name="testMakeCoffeePayingExactly" classname="edu.ncsu.csc326.coffeemaker.CoffeeMakerTest" time="0.0"/>
  <system-out><![CDATA[]]></system-out>
  <system-err><![CDATA[]]></system-err>
</testsuite>
